WARNING:flask_cors.core:Unknown option passed to Flask-CORS: CORS_ALLOW_HEADERS
WARNING:flask_cors.core:Unknown option passed to Flask-CORS: CORS_ALLOW_HEADERS
INFO:werkzeug:[31m[1mWARNING: This is a development server. Do not use it in a production deployment. Use a production WSGI server instead.[0m
 * Running on http://127.0.0.1:5000
INFO:werkzeug:[33mPress CTRL+C to quit[0m
INFO:werkzeug: * Restarting with stat
WARNING:flask_cors.core:Unknown option passed to Flask-CORS: CORS_ALLOW_HEADERS
WARNING:flask_cors.core:Unknown option passed to Flask-CORS: CORS_ALLOW_HEADERS
WARNING:werkzeug: * Debugger is active!
INFO:werkzeug: * Debugger PIN: 106-388-346
WARNING:flask_cors.core:Unknown option passed to Flask-CORS: CORS_ALLOW_HEADERS
WARNING:flask_cors.core:Unknown option passed to Flask-CORS: CORS_ALLOW_HEADERS
INFO:werkzeug:[31m[1mWARNING: This is a development server. Do not use it in a production deployment. Use a production WSGI server instead.[0m
 * Running on http://127.0.0.1:5000
INFO:werkzeug:[33mPress CTRL+C to quit[0m
INFO:werkzeug: * Restarting with stat
WARNING:flask_cors.core:Unknown option passed to Flask-CORS: CORS_ALLOW_HEADERS
WARNING:flask_cors.core:Unknown option passed to Flask-CORS: CORS_ALLOW_HEADERS
WARNING:werkzeug: * Debugger is active!
INFO:werkzeug: * Debugger PIN: 106-388-346
INFO:werkzeug:127.0.0.1 - - [28/May/2023 21:30:05] "[33mGET / HTTP/1.1[0m" 404 -
INFO:werkzeug:127.0.0.1 - - [28/May/2023 21:30:09] "[33mGET /favicon.ico HTTP/1.1[0m" 404 -
INFO:werkzeug:127.0.0.1 - - [28/May/2023 21:30:58] "[35m[1mPOST /pdf-to-word HTTP/1.1[0m" 500 -
INFO:werkzeug:127.0.0.1 - - [28/May/2023 21:31:12] "[35m[1mPOST /pdf-to-word HTTP/1.1[0m" 500 -
WARNING:flask_cors.core:Unknown option passed to Flask-CORS: CORS_ALLOW_HEADERS
WARNING:flask_cors.core:Unknown option passed to Flask-CORS: CORS_ALLOW_HEADERS
INFO:werkzeug:[31m[1mWARNING: This is a development server. Do not use it in a production deployment. Use a production WSGI server instead.[0m
 * Running on http://127.0.0.1:5000
INFO:werkzeug:[33mPress CTRL+C to quit[0m
INFO:werkzeug: * Restarting with stat
WARNING:flask_cors.core:Unknown option passed to Flask-CORS: CORS_ALLOW_HEADERS
WARNING:flask_cors.core:Unknown option passed to Flask-CORS: CORS_ALLOW_HEADERS
WARNING:werkzeug: * Debugger is active!
INFO:werkzeug: * Debugger PIN: 106-388-346
INFO:werkzeug:127.0.0.1 - - [28/May/2023 21:33:55] "[35m[1mPOST /pdf-to-word HTTP/1.1[0m" 500 -
INFO:werkzeug: * Detected change in '/home/sanusi/api/pdf2wordconverter.py', reloading
INFO:werkzeug: * Restarting with stat
WARNING:flask_cors.core:Unknown option passed to Flask-CORS: CORS_ALLOW_HEADERS
WARNING:flask_cors.core:Unknown option passed to Flask-CORS: CORS_ALLOW_HEADERS
WARNING:werkzeug: * Debugger is active!
INFO:werkzeug: * Debugger PIN: 106-388-346
INFO:werkzeug:127.0.0.1 - - [28/May/2023 21:35:24] "[35m[1mPOST /pdf-to-word HTTP/1.1[0m" 500 -
INFO:werkzeug: * Detected change in '/home/sanusi/api/pdf2wordconverter.py', reloading
INFO:werkzeug: * Restarting with stat
INFO:werkzeug: * Restarting with stat
WARNING:flask_cors.core:Unknown option passed to Flask-CORS: CORS_ALLOW_HEADERS
WARNING:flask_cors.core:Unknown option passed to Flask-CORS: CORS_ALLOW_HEADERS
WARNING:werkzeug: * Debugger is active!
INFO:werkzeug: * Debugger PIN: 606-605-741
INFO:werkzeug:127.0.0.1 - - [28/May/2023 23:27:25] "POST /pdf-to-word HTTP/1.1" 200 -
INFO:werkzeug:127.0.0.1 - - [28/May/2023 23:27:42] "POST /pdf-to-word HTTP/1.1" 200 -
INFO:werkzeug:127.0.0.1 - - [28/May/2023 23:34:47] "POST /word-to-pdf HTTP/1.1" 200 -
INFO:werkzeug: * Detected change in '/home/sanusi/api/pdf2wordconverter.py', reloading
WARNING:flask_cors.core:Unknown option passed to Flask-CORS: CORS_ALLOW_HEADERS
WARNING:flask_cors.core:Unknown option passed to Flask-CORS: CORS_ALLOW_HEADERS
WARNING:werkzeug: * Debugger is active!
INFO:werkzeug: * Debugger PIN: 606-605-741
INFO:werkzeug:127.0.0.1 - - [28/May/2023 23:42:29] "[35m[1mPOST /pdf-to-word HTTP/1.1[0m" 500 -
INFO:werkzeug: * Detected change in '/home/sanusi/api/pdf2wordconverter.py', reloading
WARNING:flask_cors.core:Unknown option passed to Flask-CORS: CORS_ALLOW_HEADERS
WARNING:flask_cors.core:Unknown option passed to Flask-CORS: CORS_ALLOW_HEADERS
WARNING:werkzeug: * Debugger is active!
INFO:werkzeug: * Debugger PIN: 606-605-741
INFO:werkzeug:127.0.0.1 - - [28/May/2023 23:54:29] "[35m[1mPOST /pdf-to-word HTTP/1.1[0m" 500 -
INFO:werkzeug: * Detected change in '/home/sanusi/api/pdf2wordconverter.py', reloading
WARNING:flask_cors.core:Unknown option passed to Flask-CORS: CORS_ALLOW_HEADERS
WARNING:flask_cors.core:Unknown option passed to Flask-CORS: CORS_ALLOW_HEADERS
WARNING:werkzeug: * Debugger is active!
INFO:werkzeug: * Debugger PIN: 606-605-741
INFO:werkzeug:127.0.0.1 - - [28/May/2023 23:55:04] "[35m[1mPOST /pdf-to-word HTTP/1.1[0m" 500 -
INFO:werkzeug: * Detected change in '/home/sanusi/api/pdf2wordconverter.py', reloading
WARNING:flask_cors.core:Unknown option passed to Flask-CORS: CORS_ALLOW_HEADERS
WARNING:flask_cors.core:Unknown option passed to Flask-CORS: CORS_ALLOW_HEADERS
WARNING:werkzeug: * Debugger is active!
INFO:werkzeug: * Debugger PIN: 606-605-741
INFO:werkzeug:127.0.0.1 - - [28/May/2023 23:55:54] "POST /pdf-to-word HTTP/1.1" 200 -
INFO:werkzeug: * Detected change in '/home/sanusi/api/pdf2wordconverter.py', reloading
WARNING:flask_cors.core:Unknown option passed to Flask-CORS: CORS_ALLOW_HEADERS
WARNING:flask_cors.core:Unknown option passed to Flask-CORS: CORS_ALLOW_HEADERS
WARNING:werkzeug: * Debugger is active!
INFO:werkzeug: * Debugger PIN: 606-605-741
INFO:werkzeug: * Detected change in '/home/sanusi/api/routes/pdf2word.py', reloading
WARNING:flask_cors.core:Unknown option passed to Flask-CORS: CORS_ALLOW_HEADERS
WARNING:flask_cors.core:Unknown option passed to Flask-CORS: CORS_ALLOW_HEADERS
WARNING:werkzeug: * Debugger is active!
INFO:werkzeug: * Debugger PIN: 606-605-741
INFO:werkzeug: * Detected change in '/home/sanusi/api/routes/pdf2word.py', reloading
WARNING:flask_cors.core:Unknown option passed to Flask-CORS: CORS_ALLOW_HEADERS
WARNING:flask_cors.core:Unknown option passed to Flask-CORS: CORS_ALLOW_HEADERS
WARNING:werkzeug: * Debugger is active!
INFO:werkzeug: * Debugger PIN: 606-605-741
INFO:werkzeug:127.0.0.1 - - [29/May/2023 00:08:01] "[35m[1mPOST /pdf-to-word HTTP/1.1[0m" 500 -
INFO:werkzeug: * Detected change in '/home/sanusi/api/routes/pdf2word.py', reloading
WARNING:flask_cors.core:Unknown option passed to Flask-CORS: CORS_ALLOW_HEADERS
WARNING:flask_cors.core:Unknown option passed to Flask-CORS: CORS_ALLOW_HEADERS
WARNING:werkzeug: * Debugger is active!
INFO:werkzeug: * Debugger PIN: 606-605-741
INFO:werkzeug: * Detected change in '/home/sanusi/api/pdf2wordconverter.py', reloading
WARNING:flask_cors.core:Unknown option passed to Flask-CORS: CORS_ALLOW_HEADERS
WARNING:flask_cors.core:Unknown option passed to Flask-CORS: CORS_ALLOW_HEADERS
WARNING:werkzeug: * Debugger is active!
INFO:werkzeug: * Debugger PIN: 606-605-741
INFO:werkzeug: * Detected change in '/home/sanusi/api/pdf2wordconverter.py', reloading
WARNING:flask_cors.core:Unknown option passed to Flask-CORS: CORS_ALLOW_HEADERS
WARNING:flask_cors.core:Unknown option passed to Flask-CORS: CORS_ALLOW_HEADERS
WARNING:werkzeug: * Debugger is active!
INFO:werkzeug: * Debugger PIN: 606-605-741
INFO:werkzeug:127.0.0.1 - - [29/May/2023 00:12:29] "[35m[1mPOST /pdf-to-word HTTP/1.1[0m" 500 -
WARNING:flask_cors.core:Unknown option passed to Flask-CORS: CORS_ALLOW_HEADERS
WARNING:flask_cors.core:Unknown option passed to Flask-CORS: CORS_ALLOW_HEADERS
INFO:werkzeug:[31m[1mWARNING: This is a development server. Do not use it in a production deployment. Use a production WSGI server instead.[0m
 * Running on http://127.0.0.1:5000
INFO:werkzeug:[33mPress CTRL+C to quit[0m
INFO:werkzeug: * Restarting with stat
WARNING:flask_cors.core:Unknown option passed to Flask-CORS: CORS_ALLOW_HEADERS
WARNING:flask_cors.core:Unknown option passed to Flask-CORS: CORS_ALLOW_HEADERS
WARNING:werkzeug: * Debugger is active!
INFO:werkzeug: * Debugger PIN: 523-239-307
INFO:werkzeug:127.0.0.1 - - [29/May/2023 11:58:17] "[35m[1mPOST /pdf-to-word HTTP/1.1[0m" 500 -
INFO:werkzeug:127.0.0.1 - - [29/May/2023 11:58:28] "[35m[1mPOST /pdf-to-word HTTP/1.1[0m" 500 -
INFO:werkzeug: * Detected change in '/home/sanusi/api/routes/pdf2word.py', reloading
INFO:werkzeug: * Restarting with stat
WARNING:flask_cors.core:Unknown option passed to Flask-CORS: CORS_ALLOW_HEADERS
WARNING:flask_cors.core:Unknown option passed to Flask-CORS: CORS_ALLOW_HEADERS
WARNING:werkzeug: * Debugger is active!
INFO:werkzeug: * Debugger PIN: 523-239-307
INFO:werkzeug: * Detected change in '/home/sanusi/api/pdf2wordconverter.py', reloading
INFO:werkzeug: * Restarting with stat
WARNING:flask_cors.core:Unknown option passed to Flask-CORS: CORS_ALLOW_HEADERS
WARNING:flask_cors.core:Unknown option passed to Flask-CORS: CORS_ALLOW_HEADERS
WARNING:werkzeug: * Debugger is active!
INFO:werkzeug: * Debugger PIN: 523-239-307
INFO:werkzeug: * Detected change in '/home/sanusi/api/pdf2wordconverter.py', reloading
INFO:werkzeug: * Restarting with stat
WARNING:flask_cors.core:Unknown option passed to Flask-CORS: CORS_ALLOW_HEADERS
WARNING:flask_cors.core:Unknown option passed to Flask-CORS: CORS_ALLOW_HEADERS
WARNING:werkzeug: * Debugger is active!
INFO:werkzeug: * Debugger PIN: 523-239-307
INFO:werkzeug:127.0.0.1 - - [29/May/2023 12:06:37] "[35m[1mPOST /pdf-to-word HTTP/1.1[0m" 500 -
WARNING:flask_cors.core:Unknown option passed to Flask-CORS: CORS_ALLOW_HEADERS
WARNING:flask_cors.core:Unknown option passed to Flask-CORS: CORS_ALLOW_HEADERS
INFO:werkzeug:[31m[1mWARNING: This is a development server. Do not use it in a production deployment. Use a production WSGI server instead.[0m
 * Running on http://127.0.0.1:5000
INFO:werkzeug:[33mPress CTRL+C to quit[0m
INFO:werkzeug: * Restarting with stat
WARNING:flask_cors.core:Unknown option passed to Flask-CORS: CORS_ALLOW_HEADERS
WARNING:flask_cors.core:Unknown option passed to Flask-CORS: CORS_ALLOW_HEADERS
WARNING:werkzeug: * Debugger is active!
INFO:werkzeug: * Debugger PIN: 523-239-307
INFO:werkzeug:127.0.0.1 - - [29/May/2023 12:07:24] "[35m[1mPOST /pdf-to-word HTTP/1.1[0m" 500 -
INFO:werkzeug: * Detected change in '/home/sanusi/api/pdf2wordconverter.py', reloading
INFO:werkzeug: * Restarting with stat
WARNING:flask_cors.core:Unknown option passed to Flask-CORS: CORS_ALLOW_HEADERS
WARNING:flask_cors.core:Unknown option passed to Flask-CORS: CORS_ALLOW_HEADERS
WARNING:werkzeug: * Debugger is active!
INFO:werkzeug: * Debugger PIN: 523-239-307
INFO:werkzeug:127.0.0.1 - - [29/May/2023 12:11:08] "POST /pdf-to-word HTTP/1.1" 200 -
INFO:werkzeug: * Detected change in '/home/sanusi/api/pdf2wordconverter.py', reloading
INFO:werkzeug: * Restarting with stat
WARNING:flask_cors.core:Unknown option passed to Flask-CORS: CORS_ALLOW_HEADERS
WARNING:flask_cors.core:Unknown option passed to Flask-CORS: CORS_ALLOW_HEADERS
WARNING:werkzeug: * Debugger is active!
INFO:werkzeug: * Debugger PIN: 523-239-307
INFO:werkzeug:127.0.0.1 - - [29/May/2023 12:20:54] "POST /pdf-to-word HTTP/1.1" 200 -
INFO:werkzeug:127.0.0.1 - - [29/May/2023 12:29:08] "POST /pdf-to-word HTTP/1.1" 200 -
WARNING:flask_cors.core:Unknown option passed to Flask-CORS: CORS_ALLOW_HEADERS
WARNING:flask_cors.core:Unknown option passed to Flask-CORS: CORS_ALLOW_HEADERS
INFO:werkzeug:[31m[1mWARNING: This is a development server. Do not use it in a production deployment. Use a production WSGI server instead.[0m
 * Running on http://127.0.0.1:5000
INFO:werkzeug:[33mPress CTRL+C to quit[0m
INFO:werkzeug: * Restarting with stat
WARNING:flask_cors.core:Unknown option passed to Flask-CORS: CORS_ALLOW_HEADERS
WARNING:flask_cors.core:Unknown option passed to Flask-CORS: CORS_ALLOW_HEADERS
WARNING:werkzeug: * Debugger is active!
INFO:werkzeug: * Debugger PIN: 949-143-184
INFO:werkzeug:127.0.0.1 - - [29/May/2023 14:41:06] "[35m[1mPOST /pdf-to-powerpoint HTTP/1.1[0m" 500 -
INFO:werkzeug: * Detected change in '/home/sanusi/api/pdf2wordconverter.py', reloading
INFO:werkzeug: * Restarting with stat
WARNING:flask_cors.core:Unknown option passed to Flask-CORS: CORS_ALLOW_HEADERS
WARNING:flask_cors.core:Unknown option passed to Flask-CORS: CORS_ALLOW_HEADERS
WARNING:werkzeug: * Debugger is active!
INFO:werkzeug: * Debugger PIN: 949-143-184
INFO:werkzeug: * Detected change in '/home/sanusi/api/pdf2pptx_converter.py', reloading
INFO:werkzeug: * Restarting with stat
WARNING:flask_cors.core:Unknown option passed to Flask-CORS: CORS_ALLOW_HEADERS
WARNING:flask_cors.core:Unknown option passed to Flask-CORS: CORS_ALLOW_HEADERS
WARNING:werkzeug: * Debugger is active!
INFO:werkzeug: * Debugger PIN: 949-143-184
INFO:werkzeug:127.0.0.1 - - [29/May/2023 14:48:12] "[35m[1mPOST /pdf-to-powerpoint HTTP/1.1[0m" 500 -
WARNING:flask_cors.core:Unknown option passed to Flask-CORS: CORS_ALLOW_HEADERS
WARNING:flask_cors.core:Unknown option passed to Flask-CORS: CORS_ALLOW_HEADERS
INFO:werkzeug:[31m[1mWARNING: This is a development server. Do not use it in a production deployment. Use a production WSGI server instead.[0m
 * Running on http://127.0.0.1:5000
INFO:werkzeug:[33mPress CTRL+C to quit[0m
INFO:werkzeug: * Restarting with stat
WARNING:flask_cors.core:Unknown option passed to Flask-CORS: CORS_ALLOW_HEADERS
WARNING:flask_cors.core:Unknown option passed to Flask-CORS: CORS_ALLOW_HEADERS
WARNING:werkzeug: * Debugger is active!
INFO:werkzeug: * Debugger PIN: 949-143-184
INFO:werkzeug:127.0.0.1 - - [29/May/2023 14:49:02] "[35m[1mPOST /pdf-to-powerpoint HTTP/1.1[0m" 500 -
WARNING:flask_cors.core:Unknown option passed to Flask-CORS: CORS_ALLOW_HEADERS
WARNING:flask_cors.core:Unknown option passed to Flask-CORS: CORS_ALLOW_HEADERS
INFO:werkzeug:[31m[1mWARNING: This is a development server. Do not use it in a production deployment. Use a production WSGI server instead.[0m
 * Running on http://127.0.0.1:5000
INFO:werkzeug:[33mPress CTRL+C to quit[0m
INFO:werkzeug: * Restarting with stat
WARNING:flask_cors.core:Unknown option passed to Flask-CORS: CORS_ALLOW_HEADERS
WARNING:flask_cors.core:Unknown option passed to Flask-CORS: CORS_ALLOW_HEADERS
WARNING:werkzeug: * Debugger is active!
INFO:werkzeug: * Debugger PIN: 949-143-184
INFO:werkzeug:127.0.0.1 - - [29/May/2023 14:59:05] "[35m[1mPOST /pdf-to-powerpoint HTTP/1.1[0m" 500 -
WARNING:flask_cors.core:Unknown option passed to Flask-CORS: CORS_ALLOW_HEADERS
WARNING:flask_cors.core:Unknown option passed to Flask-CORS: CORS_ALLOW_HEADERS
INFO:werkzeug:[31m[1mWARNING: This is a development server. Do not use it in a production deployment. Use a production WSGI server instead.[0m
 * Running on http://127.0.0.1:5000
INFO:werkzeug:[33mPress CTRL+C to quit[0m
INFO:werkzeug: * Restarting with stat
WARNING:flask_cors.core:Unknown option passed to Flask-CORS: CORS_ALLOW_HEADERS
WARNING:flask_cors.core:Unknown option passed to Flask-CORS: CORS_ALLOW_HEADERS
WARNING:werkzeug: * Debugger is active!
INFO:werkzeug: * Debugger PIN: 949-143-184
INFO:werkzeug:127.0.0.1 - - [29/May/2023 15:04:35] "[35m[1mPOST /pdf-to-powerpoint HTTP/1.1[0m" 500 -
WARNING:flask_cors.core:Unknown option passed to Flask-CORS: CORS_ALLOW_HEADERS
WARNING:flask_cors.core:Unknown option passed to Flask-CORS: CORS_ALLOW_HEADERS
INFO:werkzeug:[31m[1mWARNING: This is a development server. Do not use it in a production deployment. Use a production WSGI server instead.[0m
 * Running on http://127.0.0.1:5000
INFO:werkzeug:[33mPress CTRL+C to quit[0m
INFO:werkzeug: * Restarting with stat
WARNING:flask_cors.core:Unknown option passed to Flask-CORS: CORS_ALLOW_HEADERS
WARNING:flask_cors.core:Unknown option passed to Flask-CORS: CORS_ALLOW_HEADERS
WARNING:werkzeug: * Debugger is active!
INFO:werkzeug: * Debugger PIN: 949-143-184
INFO:werkzeug:127.0.0.1 - - [29/May/2023 15:05:32] "[35m[1mPOST /pdf-to-powerpoint HTTP/1.1[0m" 500 -
INFO:werkzeug: * Detected change in '/home/sanusi/api/pdf2pptx_converter.py', reloading
INFO:werkzeug: * Restarting with stat
WARNING:flask_cors.core:Unknown option passed to Flask-CORS: CORS_ALLOW_HEADERS
WARNING:flask_cors.core:Unknown option passed to Flask-CORS: CORS_ALLOW_HEADERS
WARNING:werkzeug: * Debugger is active!
INFO:werkzeug: * Debugger PIN: 949-143-184
INFO:werkzeug: * Detected change in '/home/sanusi/api/pdf2pptx_converter.py', reloading
INFO:werkzeug: * Restarting with stat
WARNING:flask_cors.core:Unknown option passed to Flask-CORS: CORS_ALLOW_HEADERS
WARNING:flask_cors.core:Unknown option passed to Flask-CORS: CORS_ALLOW_HEADERS
WARNING:werkzeug: * Debugger is active!
INFO:werkzeug: * Debugger PIN: 949-143-184
INFO:werkzeug:127.0.0.1 - - [29/May/2023 15:11:57] "[35m[1mPOST /pdf-to-powerpoint HTTP/1.1[0m" 500 -
INFO:werkzeug: * Detected change in '/home/sanusi/.local/lib/python3.10/site-packages/fitz/utils.py', reloading
INFO:werkzeug: * Restarting with stat
WARNING:flask_cors.core:Unknown option passed to Flask-CORS: CORS_ALLOW_HEADERS
WARNING:flask_cors.core:Unknown option passed to Flask-CORS: CORS_ALLOW_HEADERS
WARNING:werkzeug: * Debugger is active!
INFO:werkzeug: * Debugger PIN: 949-143-184
INFO:werkzeug: * Detected change in '/home/sanusi/api/pdf2pptx_converter.py', reloading
INFO:werkzeug: * Restarting with stat
